<?xml version="1.0" encoding="UTF-8"?>
<!-- Generated by org.testng.reporters.JUnitReportReporter -->
<testsuite skipped="0" hostname="DESKTOP-QPMSPL4" name="com.mindtree.runner.BigSmallTestRunner" tests="13" failures="0" timestamp="2021-11-19T23:11:46 IST" time="335.458" errors="0">
  <testcase name="runScenario" time="20.589" classname="com.mindtree.runner.BigSmallTestRunner"/>
  <system-out/>
  <testcase name="runScenario" time="23.214" classname="com.mindtree.runner.BigSmallTestRunner"/>
  <system-out/>
  <testcase name="runScenario" time="48.554" classname="com.mindtree.runner.BigSmallTestRunner"/>
  <system-out/>
  <testcase name="runScenario" time="8.248" classname="com.mindtree.runner.BigSmallTestRunner"/>
  <system-out/>
  <testcase name="runScenario" time="12.823" classname="com.mindtree.runner.BigSmallTestRunner"/>
  <system-out/>
  <testcase name="runScenario" time="32.257" classname="com.mindtree.runner.BigSmallTestRunner"/>
  <system-out/>
  <testcase name="runScenario" time="8.090" classname="com.mindtree.runner.BigSmallTestRunner"/>
  <system-out/>
  <testcase name="runScenario" time="34.292" classname="com.mindtree.runner.BigSmallTestRunner"/>
  <system-out/>
  <testcase name="runScenario" time="24.072" classname="com.mindtree.runner.BigSmallTestRunner"/>
  <system-out/>
  <testcase name="runScenario" time="84.808" classname="com.mindtree.runner.BigSmallTestRunner"/>
  <system-out/>
  <testcase name="runScenario" time="5.752" classname="com.mindtree.runner.BigSmallTestRunner"/>
  <system-out/>
  <testcase name="runScenario" time="16.460" classname="com.mindtree.runner.BigSmallTestRunner"/>
  <system-out/>
  <testcase name="runScenario" time="16.299" classname="com.mindtree.runner.BigSmallTestRunner"/>
  <system-out/>
</testsuite> <!-- com.mindtree.runner.BigSmallTestRunner -->
